<?xml version="1.0" encoding="UTF-8"?>
<coverage generated="1768357897">
  <project timestamp="1768357897" name="Clover Coverage">
    <package name="Adithwidhiantara\Audit">
      <file name="/var/www/html/packages/adithwidhiantara/laravel-async-audit-logger/src/AuditingServiceProvider.php">
        <class name="Adithwidhiantara\Audit\AuditingServiceProvider" namespace="Adithwidhiantara\Audit">
          <metrics complexity="3" methods="2" coveredmethods="2" conditionals="0" coveredconditionals="0" statements="13" coveredstatements="13" elements="15" coveredelements="15"/>
        </class>
        <line num="14" type="method" name="register" visibility="public" complexity="1" crap="1" count="21"/>
        <line num="16" type="stmt" count="21"/>
        <line num="17" type="stmt" count="21"/>
        <line num="18" type="stmt" count="21"/>
        <line num="21" type="method" name="boot" visibility="public" complexity="2" crap="2" count="21"/>
        <line num="23" type="stmt" count="21"/>
        <line num="24" type="stmt" count="21"/>
        <line num="25" type="stmt" count="21"/>
        <line num="26" type="stmt" count="21"/>
        <line num="27" type="stmt" count="21"/>
        <line num="28" type="stmt" count="21"/>
        <line num="30" type="stmt" count="21"/>
        <line num="32" type="stmt" count="21"/>
        <line num="33" type="stmt" count="21"/>
        <line num="34" type="stmt" count="21"/>
        <metrics loc="38" ncloc="38" classes="1" methods="2" coveredmethods="2" conditionals="0" coveredconditionals="0" statements="13" coveredstatements="13" elements="15" coveredelements="15"/>
      </file>
    </package>
    <package name="Adithwidhiantara\Audit\Console\Commands">
      <file name="/var/www/html/packages/adithwidhiantara/laravel-async-audit-logger/src/Console/Commands/AuditPruneCommand.php">
        <class name="Adithwidhiantara\Audit\Console\Commands\AuditPruneCommand" namespace="Adithwidhiantara\Audit\Console\Commands">
          <metrics complexity="1" methods="1" coveredmethods="1" conditionals="0" coveredconditionals="0" statements="8" coveredstatements="8" elements="9" coveredelements="9"/>
        </class>
        <line num="15" type="method" name="handle" visibility="public" complexity="1" crap="1" count="2"/>
        <line num="17" type="stmt" count="2"/>
        <line num="19" type="stmt" count="2"/>
        <line num="21" type="stmt" count="2"/>
        <line num="24" type="stmt" count="2"/>
        <line num="25" type="stmt" count="2"/>
        <line num="26" type="stmt" count="2"/>
        <line num="28" type="stmt" count="2"/>
        <line num="30" type="stmt" count="2"/>
        <metrics loc="33" ncloc="32" classes="1" methods="1" coveredmethods="1" conditionals="0" coveredconditionals="0" statements="8" coveredstatements="8" elements="9" coveredelements="9"/>
      </file>
      <file name="/var/www/html/packages/adithwidhiantara/laravel-async-audit-logger/src/Console/Commands/AuditRecoverCommand.php">
        <class name="Adithwidhiantara\Audit\Console\Commands\AuditRecoverCommand" namespace="Adithwidhiantara\Audit\Console\Commands">
          <metrics complexity="5" methods="1" coveredmethods="1" conditionals="0" coveredconditionals="0" statements="23" coveredstatements="23" elements="24" coveredelements="24"/>
        </class>
        <line num="15" type="method" name="handle" visibility="public" complexity="5" crap="5" count="4"/>
        <line num="17" type="stmt" count="4"/>
        <line num="18" type="stmt" count="4"/>
        <line num="20" type="stmt" count="4"/>
        <line num="21" type="stmt" count="1"/>
        <line num="23" type="stmt" count="1"/>
        <line num="26" type="stmt" count="3"/>
        <line num="28" type="stmt" count="3"/>
        <line num="30" type="stmt" count="3"/>
        <line num="32" type="stmt" count="3"/>
        <line num="33" type="stmt" count="3"/>
        <line num="35" type="stmt" count="3"/>
        <line num="36" type="stmt" count="1"/>
        <line num="38" type="stmt" count="1"/>
        <line num="41" type="stmt" count="2"/>
        <line num="42" type="stmt" count="2"/>
        <line num="44" type="stmt" count="2"/>
        <line num="46" type="stmt" count="1"/>
        <line num="48" type="stmt" count="1"/>
        <line num="49" type="stmt" count="1"/>
        <line num="51" type="stmt" count="1"/>
        <line num="52" type="stmt" count="1"/>
        <line num="56" type="stmt" count="3"/>
        <line num="58" type="stmt" count="3"/>
        <metrics loc="61" ncloc="61" classes="1" methods="1" coveredmethods="1" conditionals="0" coveredconditionals="0" statements="23" coveredstatements="23" elements="24" coveredelements="24"/>
      </file>
      <file name="/var/www/html/packages/adithwidhiantara/laravel-async-audit-logger/src/Console/Commands/AuditWorkerCommand.php">
        <class name="Adithwidhiantara\Audit\Console\Commands\AuditWorkerCommand" namespace="Adithwidhiantara\Audit\Console\Commands">
          <metrics complexity="16" methods="5" coveredmethods="3" conditionals="0" coveredconditionals="0" statements="56" coveredstatements="49" elements="61" coveredelements="52"/>
        </class>
        <line num="25" type="method" name="handle" visibility="public" complexity="5" crap="5.39" count="3"/>
        <line num="27" type="stmt" count="3"/>
        <line num="28" type="stmt" count="3"/>
        <line num="30" type="stmt" count="3"/>
        <line num="31" type="stmt" count="0"/>
        <line num="32" type="stmt" count="0"/>
        <line num="33" type="stmt" count="0"/>
        <line num="34" type="stmt" count="3"/>
        <line num="36" type="stmt" count="3"/>
        <line num="37" type="stmt" count="3"/>
        <line num="38" type="stmt" count="3"/>
        <line num="39" type="stmt" count="3"/>
        <line num="40" type="stmt" count="3"/>
        <line num="42" type="stmt" count="3"/>
        <line num="43" type="stmt" count="3"/>
        <line num="45" type="stmt" count="3"/>
        <line num="46" type="stmt" count="3"/>
        <line num="47" type="stmt" count="3"/>
        <line num="48" type="stmt" count="3"/>
        <line num="52" type="stmt" count="3"/>
        <line num="53" type="stmt" count="3"/>
        <line num="55" type="stmt" count="0"/>
        <line num="56" type="stmt" count="0"/>
        <line num="57" type="stmt" count="0"/>
        <line num="61" type="stmt" count="3"/>
        <line num="64" type="method" name="processNextItem" visibility="private" complexity="3" crap="3" count="3"/>
        <line num="66" type="stmt" count="3"/>
        <line num="68" type="stmt" count="3"/>
        <line num="69" type="stmt" count="1"/>
        <line num="71" type="stmt" count="1"/>
        <line num="74" type="stmt" count="3"/>
        <line num="76" type="stmt" count="3"/>
        <line num="77" type="stmt" count="2"/>
        <line num="79" type="stmt" count="1"/>
        <line num="83" type="method" name="checkAndFlushBuffer" visibility="private" complexity="4" crap="4" count="3"/>
        <line num="86" type="stmt" count="3"/>
        <line num="87" type="stmt" count="3"/>
        <line num="89" type="stmt" count="3"/>
        <line num="90" type="stmt" count="2"/>
        <line num="94" type="method" name="flushBuffer" visibility="private" complexity="3" crap="3.01" count="2"/>
        <line num="96" type="stmt" count="2"/>
        <line num="97" type="stmt" count="0"/>
        <line num="102" type="stmt" count="2"/>
        <line num="104" type="stmt" count="1"/>
        <line num="106" type="stmt" count="1"/>
        <line num="108" type="stmt" count="1"/>
        <line num="109" type="stmt" count="1"/>
        <line num="113" type="stmt" count="2"/>
        <line num="114" type="stmt" count="2"/>
        <line num="120" type="method" name="rescueToFile" visibility="private" complexity="1" crap="1" count="1"/>
        <line num="122" type="stmt" count="1"/>
        <line num="123" type="stmt" count="1"/>
        <line num="124" type="stmt" count="1"/>
        <line num="125" type="stmt" count="1"/>
        <line num="127" type="stmt" count="1"/>
        <line num="128" type="stmt" count="1"/>
        <line num="129" type="stmt" count="1"/>
        <line num="130" type="stmt" count="1"/>
        <line num="131" type="stmt" count="1"/>
        <line num="134" type="stmt" count="1"/>
        <line num="136" type="stmt" count="1"/>
        <metrics loc="139" ncloc="131" classes="1" methods="5" coveredmethods="3" conditionals="0" coveredconditionals="0" statements="56" coveredstatements="49" elements="61" coveredelements="52"/>
      </file>
    </package>
    <file name="/var/www/html/packages/adithwidhiantara/laravel-async-audit-logger/src/Database/Migrations/2026_01_13_064903_create_audits_table.php">
      <line num="7" type="stmt" count="21"/>
      <line num="8" type="stmt" count="21"/>
      <line num="14" type="stmt" count="21"/>
      <line num="15" type="stmt" count="21"/>
      <line num="16" type="stmt" count="21"/>
      <line num="17" type="stmt" count="21"/>
      <line num="18" type="stmt" count="21"/>
      <line num="19" type="stmt" count="21"/>
      <line num="20" type="stmt" count="21"/>
      <line num="21" type="stmt" count="21"/>
      <line num="22" type="stmt" count="21"/>
      <line num="23" type="stmt" count="21"/>
      <line num="24" type="stmt" count="21"/>
      <line num="26" type="stmt" count="21"/>
      <line num="27" type="stmt" count="21"/>
      <line num="35" type="stmt" count="0"/>
      <line num="37" type="stmt" count="21"/>
      <metrics loc="38" ncloc="31" classes="0" methods="0" coveredmethods="0" conditionals="0" coveredconditionals="0" statements="17" coveredstatements="16" elements="17" coveredelements="16"/>
    </file>
    <package name="Adithwidhiantara\Audit\Dtos">
      <file name="/var/www/html/packages/adithwidhiantara/laravel-async-audit-logger/src/Dtos/BaseDto.php">
        <class name="Adithwidhiantara\Audit\Dtos\BaseDto" namespace="Adithwidhiantara\Audit\Dtos">
          <metrics complexity="1" methods="1" coveredmethods="1" conditionals="0" coveredconditionals="0" statements="1" coveredstatements="1" elements="2" coveredelements="2"/>
        </class>
        <line num="7" type="method" name="toArray" visibility="public" complexity="1" crap="1" count="3"/>
        <line num="9" type="stmt" count="3"/>
        <metrics loc="12" ncloc="12" classes="1" methods="1" coveredmethods="1" conditionals="0" coveredconditionals="0" statements="1" coveredstatements="1" elements="2" coveredelements="2"/>
      </file>
      <file name="/var/www/html/packages/adithwidhiantara/laravel-async-audit-logger/src/Dtos/DataDto.php">
        <class name="Adithwidhiantara\Audit\Dtos\DataDto" namespace="Adithwidhiantara\Audit\Dtos">
          <metrics complexity="1" methods="1" coveredmethods="1" conditionals="0" coveredconditionals="0" statements="1" coveredstatements="1" elements="2" coveredelements="2"/>
        </class>
        <line num="7" type="method" name="__construct" visibility="public" complexity="1" crap="1" count="3"/>
        <line num="21" type="stmt" count="3"/>
        <metrics loc="23" ncloc="22" classes="1" methods="1" coveredmethods="1" conditionals="0" coveredconditionals="0" statements="1" coveredstatements="1" elements="2" coveredelements="2"/>
      </file>
    </package>
    <package name="Adithwidhiantara\Audit\Models">
      <file name="/var/www/html/packages/adithwidhiantara/laravel-async-audit-logger/src/Models/Audit.php">
        <class name="Adithwidhiantara\Audit\Models\Audit" namespace="Adithwidhiantara\Audit\Models">
          <metrics complexity="2" methods="2" coveredmethods="2" conditionals="0" coveredconditionals="0" statements="3" coveredstatements="3" elements="5" coveredelements="5"/>
        </class>
        <line num="20" type="method" name="auditable" visibility="public" complexity="1" crap="1" count="1"/>
        <line num="22" type="stmt" count="1"/>
        <line num="25" type="method" name="user" visibility="public" complexity="1" crap="1" count="1"/>
        <line num="28" type="stmt" count="1"/>
        <line num="30" type="stmt" count="1"/>
        <metrics loc="33" ncloc="32" classes="1" methods="2" coveredmethods="2" conditionals="0" coveredconditionals="0" statements="3" coveredstatements="3" elements="5" coveredelements="5"/>
      </file>
    </package>
    <package name="Adithwidhiantara\Audit\Services">
      <file name="/var/www/html/packages/adithwidhiantara/laravel-async-audit-logger/src/Services/AuditLogger.php">
        <class name="Adithwidhiantara\Audit\Services\AuditLogger" namespace="Adithwidhiantara\Audit\Services">
          <metrics complexity="3" methods="1" coveredmethods="1" conditionals="0" coveredconditionals="0" statements="8" coveredstatements="8" elements="9" coveredelements="9"/>
        </class>
        <line num="15" type="method" name="push" visibility="public" complexity="3" crap="3" count="6"/>
        <line num="18" type="stmt" count="6"/>
        <line num="19" type="stmt" count="3"/>
        <line num="24" type="stmt" count="5"/>
        <line num="25" type="stmt" count="5"/>
        <line num="28" type="stmt" count="5"/>
        <line num="32" type="stmt" count="5"/>
        <line num="34" type="stmt" count="1"/>
        <line num="37" type="stmt" count="1"/>
        <metrics loc="41" ncloc="31" classes="1" methods="1" coveredmethods="1" conditionals="0" coveredconditionals="0" statements="8" coveredstatements="8" elements="9" coveredelements="9"/>
      </file>
    </package>
    <package name="Adithwidhiantara\Audit\Traits">
      <file name="/var/www/html/packages/adithwidhiantara/laravel-async-audit-logger/src/Traits/Auditable.php">
        <class name="Adithwidhiantara\Audit\Traits\Auditable" namespace="Adithwidhiantara\Audit\Traits">
          <metrics complexity="8" methods="3" coveredmethods="3" conditionals="0" coveredconditionals="0" statements="32" coveredstatements="32" elements="35" coveredelements="35"/>
        </class>
        <line num="15" type="method" name="bootAuditable" visibility="public" complexity="3" crap="3" count="4"/>
        <line num="18" type="stmt" count="4"/>
        <line num="19" type="stmt" count="3"/>
        <line num="20" type="stmt" count="4"/>
        <line num="23" type="stmt" count="4"/>
        <line num="24" type="stmt" count="1"/>
        <line num="26" type="stmt" count="1"/>
        <line num="27" type="stmt" count="1"/>
        <line num="28" type="stmt" count="1"/>
        <line num="31" type="stmt" count="1"/>
        <line num="33" type="stmt" count="1"/>
        <line num="34" type="stmt" count="1"/>
        <line num="36" type="stmt" count="4"/>
        <line num="39" type="stmt" count="4"/>
        <line num="40" type="stmt" count="1"/>
        <line num="41" type="stmt" count="4"/>
        <line num="44" type="method" name="audit" visibility="protected" complexity="4" crap="4" count="3"/>
        <line num="46" type="stmt" count="3"/>
        <line num="47" type="stmt" count="3"/>
        <line num="48" type="stmt" count="3"/>
        <line num="49" type="stmt" count="3"/>
        <line num="50" type="stmt" count="3"/>
        <line num="51" type="stmt" count="3"/>
        <line num="52" type="stmt" count="3"/>
        <line num="53" type="stmt" count="3"/>
        <line num="54" type="stmt" count="3"/>
        <line num="55" type="stmt" count="3"/>
        <line num="56" type="stmt" count="3"/>
        <line num="57" type="stmt" count="3"/>
        <line num="58" type="stmt" count="3"/>
        <line num="60" type="stmt" count="3"/>
        <line num="63" type="method" name="audits" visibility="public" complexity="1" crap="1" count="1"/>
        <line num="65" type="stmt" count="1"/>
        <line num="66" type="stmt" count="1"/>
        <line num="67" type="stmt" count="1"/>
        <metrics loc="70" ncloc="67" classes="1" methods="3" coveredmethods="3" conditionals="0" coveredconditionals="0" statements="32" coveredstatements="32" elements="35" coveredelements="35"/>
      </file>
    </package>
    <metrics files="10" loc="488" ncloc="457" classes="9" methods="17" coveredmethods="15" conditionals="0" coveredconditionals="0" statements="162" coveredstatements="154" elements="179" coveredelements="169"/>
  </project>
</coverage>
